<?xml version="1.0" encoding="UTF-8"?>
<!-- Generated by org.testng.reporters.JUnitReportReporter -->
<testsuite hostname="Ramesh" failures="0" tests="2" name="cucumberOptions.TestRunner" time="118.372" errors="0" timestamp="2021-01-28T13:05:08 IST" skipped="0">
  <testcase classname="cucumberOptions.TestRunner" name="runScenario" time="30.056"/>
  <system-out/>
  <testcase classname="cucumberOptions.TestRunner" name="runScenario" time="88.316"/>
  <system-out/>
</testsuite> <!-- cucumberOptions.TestRunner -->
