<?xml version="1.0" encoding="UTF-8"?>
<!-- Generated by org.testng.reporters.JUnitReportReporter -->
<testsuite hostname="Ramesh" failures="0" tests="2" name="cucumberOptions.TestRunner" time="87.125" errors="0" timestamp="2021-01-28T19:52:22 IST" skipped="0">
  <testcase classname="cucumberOptions.TestRunner" name="runScenario" time="48.592"/>
  <system-out/>
  <testcase classname="cucumberOptions.TestRunner" name="runScenario" time="38.533"/>
  <system-out/>
</testsuite> <!-- cucumberOptions.TestRunner -->
